2013/12/05 14:52:41 [error] [exception.CException] exception 'CException' with message 'SiteController cannot find the requested view "index".' in D:\F\www\server\domains\exchange\yii\framework\web\CController.php:878
Stack trace:
#0 D:\F\www\server\domains\exchange\yii\framework\web\CController.php(782): CController->renderPartial('index', NULL, true)
#1 D:\F\www\server\domains\exchange\protected\controllers\SiteController.php(32): CController->render('index')
#2 D:\F\www\server\domains\exchange\yii\framework\web\actions\CInlineAction.php(49): SiteController->actionIndex()
#3 D:\F\www\server\domains\exchange\yii\framework\web\CController.php(308): CInlineAction->runWithParams(Array)
#4 D:\F\www\server\domains\exchange\yii\framework\web\CController.php(286): CController->runAction(Object(CInlineAction))
#5 D:\F\www\server\domains\exchange\yii\framework\web\CController.php(265): CController->runActionWithFilters(Object(CInlineAction), Array)
#6 D:\F\www\server\domains\exchange\yii\framework\web\CWebApplication.php(282): CController->run('')
#7 D:\F\www\server\domains\exchange\yii\framework\web\CWebApplication.php(141): CWebApplication->runController('')
#8 D:\F\www\server\domains\exchange\yii\framework\base\CApplication.php(180): CWebApplication->processRequest()
#9 D:\F\www\server\domains\exchange\index.php(13): CApplication->run()
#10 {main}
REQUEST_URI=/
---
2013/12/05 15:01:06 [error] [exception.CException] exception 'CException' with message 'Псевдоним "application.components.CategoryUrlRule" неверен. Убедитесь, что он указывает на существующий PHP файл.' in D:\F\www\server\domains\exchange\yii\framework\YiiBase.php:322
Stack trace:
#0 D:\F\www\server\domains\exchange\yii\framework\YiiBase.php(196): YiiBase::import('application.com...', true)
#1 D:\F\www\server\domains\exchange\yii\framework\web\CUrlManager.php(369): YiiBase::createComponent(Array)
#2 D:\F\www\server\domains\exchange\yii\framework\web\CWebApplication.php(140): CUrlManager->parseUrl(Object(CHttpRequest))
#3 D:\F\www\server\domains\exchange\yii\framework\base\CApplication.php(180): CWebApplication->processRequest()
#4 D:\F\www\server\domains\exchange\index.php(13): CApplication->run()
#5 {main}
REQUEST_URI=/index.php?r=gii/default/index
HTTP_REFERER=http://exchange/index.php?r=gii/default/login
---
2013/12/05 15:15:14 [error] [exception.CHttpException.404] exception 'CHttpException' with message 'Невозможно обработать запрос "css/screen.css".' in D:\F\www\server\domains\exchange\yii\framework\web\CWebApplication.php:286
Stack trace:
#0 D:\F\www\server\domains\exchange\yii\framework\web\CWebApplication.php(141): CWebApplication->runController('css/screen.css')
#1 D:\F\www\server\domains\exchange\yii\framework\base\CApplication.php(180): CWebApplication->processRequest()
#2 D:\F\www\server\domains\exchange\index.php(13): CApplication->run()
#3 {main}
REQUEST_URI=/css/screen.css
HTTP_REFERER=http://exchange/index.php?r=gii/model/index
---
2013/12/05 15:15:14 [error] [exception.CHttpException.404] exception 'CHttpException' with message 'Невозможно обработать запрос "css/form.css".' in D:\F\www\server\domains\exchange\yii\framework\web\CWebApplication.php:286
Stack trace:
#0 D:\F\www\server\domains\exchange\yii\framework\web\CWebApplication.php(141): CWebApplication->runController('css/form.css')
#1 D:\F\www\server\domains\exchange\yii\framework\base\CApplication.php(180): CWebApplication->processRequest()
#2 D:\F\www\server\domains\exchange\index.php(13): CApplication->run()
#3 {main}
REQUEST_URI=/css/form.css
HTTP_REFERER=http://exchange/index.php?r=gii/model/index
---
2013/12/05 15:15:14 [error] [exception.CHttpException.404] exception 'CHttpException' with message 'Невозможно обработать запрос "css/main.css".' in D:\F\www\server\domains\exchange\yii\framework\web\CWebApplication.php:286
Stack trace:
#0 D:\F\www\server\domains\exchange\yii\framework\web\CWebApplication.php(141): CWebApplication->runController('css/main.css')
#1 D:\F\www\server\domains\exchange\yii\framework\base\CApplication.php(180): CWebApplication->processRequest()
#2 D:\F\www\server\domains\exchange\index.php(13): CApplication->run()
#3 {main}
REQUEST_URI=/css/main.css
HTTP_REFERER=http://exchange/index.php?r=gii/model/index
---
2013/12/05 15:15:14 [error] [exception.CHttpException.404] exception 'CHttpException' with message 'Невозможно обработать запрос "css/print.css".' in D:\F\www\server\domains\exchange\yii\framework\web\CWebApplication.php:286
Stack trace:
#0 D:\F\www\server\domains\exchange\yii\framework\web\CWebApplication.php(141): CWebApplication->runController('css/print.css')
#1 D:\F\www\server\domains\exchange\yii\framework\base\CApplication.php(180): CWebApplication->processRequest()
#2 D:\F\www\server\domains\exchange\index.php(13): CApplication->run()
#3 {main}
REQUEST_URI=/css/print.css
HTTP_REFERER=http://exchange/index.php?r=gii/model/index
---
2013/12/05 15:17:11 [error] [exception.CHttpException.404] exception 'CHttpException' with message 'Невозможно обработать запрос "css/screen.css".' in D:\F\www\server\domains\exchange\yii\framework\web\CWebApplication.php:286
Stack trace:
#0 D:\F\www\server\domains\exchange\yii\framework\web\CWebApplication.php(141): CWebApplication->runController('css/screen.css')
#1 D:\F\www\server\domains\exchange\yii\framework\base\CApplication.php(180): CWebApplication->processRequest()
#2 D:\F\www\server\domains\exchange\index.php(13): CApplication->run()
#3 {main}
REQUEST_URI=/css/screen.css
HTTP_REFERER=http://exchange/
---
2013/12/05 15:17:11 [error] [exception.CHttpException.404] exception 'CHttpException' with message 'Невозможно обработать запрос "css/main.css".' in D:\F\www\server\domains\exchange\yii\framework\web\CWebApplication.php:286
Stack trace:
#0 D:\F\www\server\domains\exchange\yii\framework\web\CWebApplication.php(141): CWebApplication->runController('css/main.css')
#1 D:\F\www\server\domains\exchange\yii\framework\base\CApplication.php(180): CWebApplication->processRequest()
#2 D:\F\www\server\domains\exchange\index.php(13): CApplication->run()
#3 {main}
REQUEST_URI=/css/main.css
HTTP_REFERER=http://exchange/
---
2013/12/05 15:17:11 [error] [exception.CHttpException.404] exception 'CHttpException' with message 'Невозможно обработать запрос "css/form.css".' in D:\F\www\server\domains\exchange\yii\framework\web\CWebApplication.php:286
Stack trace:
#0 D:\F\www\server\domains\exchange\yii\framework\web\CWebApplication.php(141): CWebApplication->runController('css/form.css')
#1 D:\F\www\server\domains\exchange\yii\framework\base\CApplication.php(180): CWebApplication->processRequest()
#2 D:\F\www\server\domains\exchange\index.php(13): CApplication->run()
#3 {main}
REQUEST_URI=/css/form.css
HTTP_REFERER=http://exchange/
---
2013/12/05 15:17:11 [error] [exception.CHttpException.404] exception 'CHttpException' with message 'Невозможно обработать запрос "css/print.css".' in D:\F\www\server\domains\exchange\yii\framework\web\CWebApplication.php:286
Stack trace:
#0 D:\F\www\server\domains\exchange\yii\framework\web\CWebApplication.php(141): CWebApplication->runController('css/print.css')
#1 D:\F\www\server\domains\exchange\yii\framework\base\CApplication.php(180): CWebApplication->processRequest()
#2 D:\F\www\server\domains\exchange\index.php(13): CApplication->run()
#3 {main}
REQUEST_URI=/css/print.css
HTTP_REFERER=http://exchange/
---
2013/12/05 15:18:37 [error] [exception.CHttpException.404] exception 'CHttpException' with message 'Невозможно обработать запрос "css/screen.css".' in D:\F\www\server\domains\exchange\yii\framework\web\CWebApplication.php:286
Stack trace:
#0 D:\F\www\server\domains\exchange\yii\framework\web\CWebApplication.php(141): CWebApplication->runController('css/screen.css')
#1 D:\F\www\server\domains\exchange\yii\framework\base\CApplication.php(180): CWebApplication->processRequest()
#2 D:\F\www\server\domains\exchange\index.php(13): CApplication->run()
#3 {main}
REQUEST_URI=/css/screen.css
HTTP_REFERER=http://exchange/site/index
---
2013/12/05 15:18:37 [error] [exception.CHttpException.404] exception 'CHttpException' with message 'Невозможно обработать запрос "css/form.css".' in D:\F\www\server\domains\exchange\yii\framework\web\CWebApplication.php:286
Stack trace:
#0 D:\F\www\server\domains\exchange\yii\framework\web\CWebApplication.php(141): CWebApplication->runController('css/form.css')
#1 D:\F\www\server\domains\exchange\yii\framework\base\CApplication.php(180): CWebApplication->processRequest()
#2 D:\F\www\server\domains\exchange\index.php(13): CApplication->run()
#3 {main}
REQUEST_URI=/css/form.css
HTTP_REFERER=http://exchange/site/index
---
2013/12/05 15:18:37 [error] [exception.CHttpException.404] exception 'CHttpException' with message 'Невозможно обработать запрос "css/main.css".' in D:\F\www\server\domains\exchange\yii\framework\web\CWebApplication.php:286
Stack trace:
#0 D:\F\www\server\domains\exchange\yii\framework\web\CWebApplication.php(141): CWebApplication->runController('css/main.css')
#1 D:\F\www\server\domains\exchange\yii\framework\base\CApplication.php(180): CWebApplication->processRequest()
#2 D:\F\www\server\domains\exchange\index.php(13): CApplication->run()
#3 {main}
REQUEST_URI=/css/main.css
HTTP_REFERER=http://exchange/site/index
---
2013/12/05 15:18:37 [error] [exception.CHttpException.404] exception 'CHttpException' with message 'Невозможно обработать запрос "css/print.css".' in D:\F\www\server\domains\exchange\yii\framework\web\CWebApplication.php:286
Stack trace:
#0 D:\F\www\server\domains\exchange\yii\framework\web\CWebApplication.php(141): CWebApplication->runController('css/print.css')
#1 D:\F\www\server\domains\exchange\yii\framework\base\CApplication.php(180): CWebApplication->processRequest()
#2 D:\F\www\server\domains\exchange\index.php(13): CApplication->run()
#3 {main}
REQUEST_URI=/css/print.css
HTTP_REFERER=http://exchange/site/index
---
2013/12/05 15:18:39 [error] [exception.CHttpException.404] exception 'CHttpException' with message 'Невозможно обработать запрос "css/screen.css".' in D:\F\www\server\domains\exchange\yii\framework\web\CWebApplication.php:286
Stack trace:
#0 D:\F\www\server\domains\exchange\yii\framework\web\CWebApplication.php(141): CWebApplication->runController('css/screen.css')
#1 D:\F\www\server\domains\exchange\yii\framework\base\CApplication.php(180): CWebApplication->processRequest()
#2 D:\F\www\server\domains\exchange\index.php(13): CApplication->run()
#3 {main}
REQUEST_URI=/css/screen.css
HTTP_REFERER=http://exchange/index.php/site/index
---
2013/12/05 15:18:39 [error] [exception.CHttpException.404] exception 'CHttpException' with message 'Невозможно обработать запрос "css/print.css".' in D:\F\www\server\domains\exchange\yii\framework\web\CWebApplication.php:286
Stack trace:
#0 D:\F\www\server\domains\exchange\yii\framework\web\CWebApplication.php(141): CWebApplication->runController('css/print.css')
#1 D:\F\www\server\domains\exchange\yii\framework\base\CApplication.php(180): CWebApplication->processRequest()
#2 D:\F\www\server\domains\exchange\index.php(13): CApplication->run()
#3 {main}
REQUEST_URI=/css/print.css
HTTP_REFERER=http://exchange/index.php/site/index
---
2013/12/05 15:18:39 [error] [exception.CHttpException.404] exception 'CHttpException' with message 'Невозможно обработать запрос "css/form.css".' in D:\F\www\server\domains\exchange\yii\framework\web\CWebApplication.php:286
Stack trace:
#0 D:\F\www\server\domains\exchange\yii\framework\web\CWebApplication.php(141): CWebApplication->runController('css/form.css')
#1 D:\F\www\server\domains\exchange\yii\framework\base\CApplication.php(180): CWebApplication->processRequest()
#2 D:\F\www\server\domains\exchange\index.php(13): CApplication->run()
#3 {main}
REQUEST_URI=/css/form.css
HTTP_REFERER=http://exchange/index.php/site/index
---
2013/12/05 15:18:39 [error] [exception.CHttpException.404] exception 'CHttpException' with message 'Невозможно обработать запрос "css/main.css".' in D:\F\www\server\domains\exchange\yii\framework\web\CWebApplication.php:286
Stack trace:
#0 D:\F\www\server\domains\exchange\yii\framework\web\CWebApplication.php(141): CWebApplication->runController('css/main.css')
#1 D:\F\www\server\domains\exchange\yii\framework\base\CApplication.php(180): CWebApplication->processRequest()
#2 D:\F\www\server\domains\exchange\index.php(13): CApplication->run()
#3 {main}
REQUEST_URI=/css/main.css
HTTP_REFERER=http://exchange/index.php/site/index
---
2013/12/05 15:18:44 [error] [exception.CHttpException.404] exception 'CHttpException' with message 'Невозможно обработать запрос "css/print.css".' in D:\F\www\server\domains\exchange\yii\framework\web\CWebApplication.php:286
Stack trace:
#0 D:\F\www\server\domains\exchange\yii\framework\web\CWebApplication.php(141): CWebApplication->runController('css/print.css')
#1 D:\F\www\server\domains\exchange\yii\framework\base\CApplication.php(180): CWebApplication->processRequest()
#2 D:\F\www\server\domains\exchange\index.php(13): CApplication->run()
#3 {main}
REQUEST_URI=/css/print.css
HTTP_REFERER=http://exchange/site/index
---
2013/12/05 15:18:44 [error] [exception.CHttpException.404] exception 'CHttpException' with message 'Невозможно обработать запрос "css/screen.css".' in D:\F\www\server\domains\exchange\yii\framework\web\CWebApplication.php:286
Stack trace:
#0 D:\F\www\server\domains\exchange\yii\framework\web\CWebApplication.php(141): CWebApplication->runController('css/screen.css')
#1 D:\F\www\server\domains\exchange\yii\framework\base\CApplication.php(180): CWebApplication->processRequest()
#2 D:\F\www\server\domains\exchange\index.php(13): CApplication->run()
#3 {main}
REQUEST_URI=/css/screen.css
HTTP_REFERER=http://exchange/site/index
---
2013/12/05 15:18:44 [error] [exception.CHttpException.404] exception 'CHttpException' with message 'Невозможно обработать запрос "css/main.css".' in D:\F\www\server\domains\exchange\yii\framework\web\CWebApplication.php:286
Stack trace:
#0 D:\F\www\server\domains\exchange\yii\framework\web\CWebApplication.php(141): CWebApplication->runController('css/main.css')
#1 D:\F\www\server\domains\exchange\yii\framework\base\CApplication.php(180): CWebApplication->processRequest()
#2 D:\F\www\server\domains\exchange\index.php(13): CApplication->run()
#3 {main}
REQUEST_URI=/css/main.css
HTTP_REFERER=http://exchange/site/index
---
2013/12/05 15:18:44 [error] [exception.CHttpException.404] exception 'CHttpException' with message 'Невозможно обработать запрос "css/form.css".' in D:\F\www\server\domains\exchange\yii\framework\web\CWebApplication.php:286
Stack trace:
#0 D:\F\www\server\domains\exchange\yii\framework\web\CWebApplication.php(141): CWebApplication->runController('css/form.css')
#1 D:\F\www\server\domains\exchange\yii\framework\base\CApplication.php(180): CWebApplication->processRequest()
#2 D:\F\www\server\domains\exchange\index.php(13): CApplication->run()
#3 {main}
REQUEST_URI=/css/form.css
HTTP_REFERER=http://exchange/site/index
---
